# JRE version: OpenJDK Runtime Environment Temurin-21.0.10+7 (21.0.10+7) (build 21.0.10+7-LTS)
# Java VM: OpenJDK 64-Bit Server VM Temurin-21.0.10+7 (21.0.10+7-LTS, mixed mode, sharing, tiered, compressed oops, compressed class ptrs, g1 gc, windows-amd64)
GC Precious Log:
 CardTable entry size: 512
 Card Set container configuration: InlinePtr #cards 5 size 8 Array Of Cards #cards 12 size 40 Howl #buckets 4 coarsen threshold 1843 Howl Bitmap #cards 512 size 80 coarsen threshold 460 Card regions per heap region 1 cards per card region 2048
 CPUs: 8 total, 8 available
 Memory: 8026M
 Large Page Support: Disabled
 NUMA Support: Disabled
 Compressed Oops: Enabled (32-bit)
 Heap Region Size: 1M
 Heap Min Capacity: 8M
 Heap Initial Capacity: 126M
 Heap Max Capacity: 2008M
 Pre-touch: Disabled
 Parallel Workers: 8
 Concurrent Workers: 2
 Concurrent Refinement Workers: 8
 Periodic GC: Disabled
Heap:
 garbage-first heap   total 129024K, used 75103K [0x0000000082800000, 0x0000000100000000)
  region size 1024K, 19 young (19456K), 3 survivors (3072K)
 Metaspace       used 67068K, committed 67776K, reserved 1114112K
  class space    used 8336K, committed 8640K, reserved 1048576K
GC Heap History (20 events):
Event: 43.889 GC heap before
{Heap before GC invocations=8 (full 0):
 garbage-first heap   total 58368K, used 32855K [0x0000000082800000, 0x0000000100000000)
  region size 1024K, 15 young (15360K), 4 survivors (4096K)
 Metaspace       used 35445K, committed 35968K, reserved 1114112K
  class space    used 4543K, committed 4800K, reserved 1048576K
}
Event: 43.898 GC heap after
{Heap after GC invocations=9 (full 0):
 garbage-first heap   total 58368K, used 23771K [0x0000000082800000, 0x0000000100000000)
  region size 1024K, 1 young (1024K), 1 survivors (1024K)
 Metaspace       used 35445K, committed 35968K, reserved 1114112K
  class space    used 4543K, committed 4800K, reserved 1048576K
}
Event: 45.197 GC heap before
{Heap before GC invocations=10 (full 0):
 garbage-first heap   total 58368K, used 49371K [0x0000000082800000, 0x0000000100000000)
  region size 1024K, 26 young (26624K), 1 survivors (1024K)
 Metaspace       used 41107K, committed 41664K, reserved 1114112K
  class space    used 5051K, committed 5312K, reserved 1048576K
}
Event: 45.202 GC heap after
{Heap after GC invocations=11 (full 0):
 garbage-first heap   total 58368K, used 26530K [0x0000000082800000, 0x0000000100000000)
  region size 1024K, 4 young (4096K), 4 survivors (4096K)
 Metaspace       used 41107K, committed 41664K, reserved 1114112K
  class space    used 5051K, committed 5312K, reserved 1048576K
}
Event: 45.946 GC heap before
{Heap before GC invocations=11 (full 0):
 garbage-first heap   total 58368K, used 49058K [0x0000000082800000, 0x0000000100000000)
  region size 1024K, 26 young (26624K), 4 survivors (4096K)
 Metaspace       used 45247K, committed 45824K, reserved 1114112K
  class space    used 5556K, committed 5824K, reserved 1048576K
}
Event: 45.954 GC heap after
{Heap after GC invocations=12 (full 0):
 garbage-first heap   total 58368K, used 29791K [0x0000000082800000, 0x0000000100000000)
  region size 1024K, 4 young (4096K), 4 survivors (4096K)
 Metaspace       used 45247K, committed 45824K, reserved 1114112K
  class space    used 5556K, committed 5824K, reserved 1048576K
}
Event: 45.979 GC heap before
{Heap before GC invocations=12 (full 0):
 garbage-first heap   total 58368K, used 33887K [0x0000000082800000, 0x0000000100000000)
  region size 1024K, 9 young (9216K), 4 survivors (4096K)
 Metaspace       used 45252K, committed 45824K, reserved 1114112K
  class space    used 5556K, committed 5824K, reserved 1048576K
}
Event: 45.985 GC heap after
{Heap after GC invocations=13 (full 0):
 garbage-first heap   total 58368K, used 31375K [0x0000000082800000, 0x0000000100000000)
  region size 1024K, 2 young (2048K), 2 survivors (2048K)
 Metaspace       used 45252K, committed 45824K, reserved 1114112K
  class space    used 5556K, committed 5824K, reserved 1048576K
}
Event: 46.081 GC heap before
{Heap before GC invocations=14 (full 0):
 garbage-first heap   total 58368K, used 49807K [0x0000000082800000, 0x0000000100000000)
  region size 1024K, 17 young (17408K), 2 survivors (2048K)
 Metaspace       used 45275K, committed 45888K, reserved 1114112K
  class space    used 5560K, committed 5824K, reserved 1048576K
}
Event: 46.090 GC heap after
{Heap after GC invocations=15 (full 0):
 garbage-first heap   total 58368K, used 40018K [0x0000000082800000, 0x0000000100000000)
  region size 1024K, 3 young (3072K), 3 survivors (3072K)
 Metaspace       used 45275K, committed 45888K, reserved 1114112K
  class space    used 5560K, committed 5824K, reserved 1048576K
}
Event: 46.156 GC heap before
{Heap before GC invocations=15 (full 0):
 garbage-first heap   total 58368K, used 52306K [0x0000000082800000, 0x0000000100000000)
  region size 1024K, 12 young (12288K), 3 survivors (3072K)
 Metaspace       used 45326K, committed 46016K, reserved 1114112K
  class space    used 5570K, committed 5888K, reserved 1048576K
}
Event: 46.175 GC heap after
{Heap after GC invocations=16 (full 0):
 garbage-first heap   total 64512K, used 51200K [0x0000000082800000, 0x0000000100000000)
  region size 1024K, 2 young (2048K), 2 survivors (2048K)
 Metaspace       used 45326K, committed 46016K, reserved 1114112K
  class space    used 5570K, committed 5888K, reserved 1048576K
}
Event: 46.201 GC heap before
{Heap before GC invocations=16 (full 0):
 garbage-first heap   total 64512K, used 55296K [0x0000000082800000, 0x0000000100000000)
  region size 1024K, 6 young (6144K), 2 survivors (2048K)
 Metaspace       used 45326K, committed 46016K, reserved 1114112K
  class space    used 5570K, committed 5888K, reserved 1048576K
}
Event: 46.207 GC heap after
{Heap after GC invocations=17 (full 0):
 garbage-first heap   total 129024K, used 53166K [0x0000000082800000, 0x0000000100000000)
  region size 1024K, 1 young (1024K), 1 survivors (1024K)
 Metaspace       used 45326K, committed 46016K, reserved 1114112K
  class space    used 5570K, committed 5888K, reserved 1048576K
}
Event: 47.122 GC heap before
{Heap before GC invocations=18 (full 0):
 garbage-first heap   total 129024K, used 98222K [0x0000000082800000, 0x0000000100000000)
  region size 1024K, 43 young (44032K), 1 survivors (1024K)
 Metaspace       used 48257K, committed 48896K, reserved 1114112K
  class space    used 5908K, committed 6208K, reserved 1048576K
}
Event: 47.161 GC heap after
{Heap after GC invocations=19 (full 0):
 garbage-first heap   total 129024K, used 71680K [0x0000000082800000, 0x0000000100000000)
  region size 1024K, 6 young (6144K), 6 survivors (6144K)
 Metaspace       used 48257K, committed 48896K, reserved 1114112K
  class space    used 5908K, committed 6208K, reserved 1048576K
}
Event: 76.642 GC heap before
{Heap before GC invocations=19 (full 0):
 garbage-first heap   total 129024K, used 100352K [0x0000000082800000, 0x0000000100000000)
  region size 1024K, 34 young (34816K), 6 survivors (6144K)
 Metaspace       used 55176K, committed 55872K, reserved 1114112K
  class space    used 6849K, committed 7168K, reserved 1048576K
}
Event: 76.737 GC heap after
{Heap after GC invocations=20 (full 0):
 garbage-first heap   total 129024K, used 74309K [0x0000000082800000, 0x0000000100000000)
  region size 1024K, 4 young (4096K), 4 survivors (4096K)
 Metaspace       used 55176K, committed 55872K, reserved 1114112K
  class space    used 6849K, committed 7168K, reserved 1048576K
}
Event: 184.739 GC heap before
{Heap before GC invocations=20 (full 0):
 garbage-first heap   total 129024K, used 101957K [0x0000000082800000, 0x0000000100000000)
  region size 1024K, 32 young (32768K), 4 survivors (4096K)
 Metaspace       used 61256K, committed 61952K, reserved 1114112K
  class space    used 7665K, committed 8000K, reserved 1048576K
}
Event: 184.874 GC heap after
{Heap after GC invocations=21 (full 0):
 garbage-first heap   total 129024K, used 77151K [0x0000000082800000, 0x0000000100000000)
  region size 1024K, 3 young (3072K), 3 survivors (3072K)
 Metaspace       used 61256K, committed 61952K, reserved 1114112K
  class space    used 7665K, committed 8000K, reserved 1048576K
}

